<?xml version="1.0" encoding="UTF-8"?>
<testng-results ignored="0" total="1" passed="1" failed="0" skipped="0">
  <reporter-output>
  </reporter-output>
  <suite started-at="2023-03-04T15:02:15 IST" name="Default suite" finished-at="2023-03-04T15:02:38 IST" duration-ms="22420">
    <groups>
    </groups>
    <test started-at="2023-03-04T15:02:15 IST" name="Default test" finished-at="2023-03-04T15:02:38 IST" duration-ms="22420">
      <class name="SLTest">
        <test-method signature="SLLoginTest()[pri:0, instance:SLTest@3246fb96]" started-at="2023-03-04T15:02:15 IST" name="SLLoginTest" finished-at="2023-03-04T15:02:37 IST" duration-ms="22328" status="PASS">
          <reporter-output>
          </reporter-output>
        </test-method> <!-- SLLoginTest -->
      </class> <!-- SLTest -->
    </test> <!-- Default test -->
  </suite> <!-- Default suite -->
</testng-results>
