<?xml version="1.0" encoding="UTF-8"?>
<!-- Generated by org.testng.reporters.JUnitXMLReporter -->
<testsuite ignored="0" hostname="DESKTOP-AELALK6" failures="0" tests="3" name="Test2" time="0.058" errors="0" timestamp="2023-02-25T23:02:59 IST">
  <testcase classname="TestNG1.alwaysRunExample" name="Testing" time="0.011"/>
  <testcase classname="TestNG1.alwaysRunExample" name="Testing1" time="0.004"/>
  <testcase classname="TestNG1.enabledExample" name="Testing" time="0.007"/>
</testsuite> <!-- Test2 -->
