<?xml version="1.0" encoding="UTF-8"?>
<!-- Generated by org.testng.reporters.JUnitXMLReporter -->
<testsuite ignored="0" hostname="DESKTOP-AELALK6" failures="0" tests="4" name="Test1" time="52.136" errors="0" timestamp="2023-02-26T22:33:22 IST">
  <testcase classname="TestNG3.ThreadExample" name="ChromeTest" time="12.558"/>
  <testcase classname="TestNG3.ThreadExample" name="ChromeTest1" time="24.116"/>
  <testcase classname="TestNG3.ThreadExample" name="FirefoxTest" time="22.091"/>
  <testcase classname="TestNG3.ThreadExample" name="ChromeTest2" time="39.392"/>
</testsuite> <!-- Test1 -->
